Analysis & Synthesis report for MIPS_Processor
Fri Oct 13 11:50:10 2017
Quartus Prime Version 17.0.0 Build 595 04/25/2017 SJ Lite Edition


---------------------
; Table of Contents ;
---------------------
  1. Legal Notice
  2. Analysis & Synthesis Summary
  3. Analysis & Synthesis Settings
  4. Parallel Compilation
  5. Analysis & Synthesis Messages



----------------
; Legal Notice ;
----------------
Copyright (C) 2017  Intel Corporation. All rights reserved.
Your use of Intel Corporation's design tools, logic functions 
and other software and tools, and its AMPP partner logic 
functions, and any output files from any of the foregoing 
(including device programming or simulation files), and any 
associated documentation or information are expressly subject 
to the terms and conditions of the Intel Program License 
Subscription Agreement, the Intel Quartus Prime License Agreement,
the Intel MegaCore Function License Agreement, or other 
applicable license agreement, including, without limitation, 
that your use is for the sole purpose of programming logic 
devices manufactured by Intel and sold by Intel or its 
authorized distributors.  Please refer to the applicable 
agreement for further details.



+----------------------------------------------------------------------------------+
; Analysis & Synthesis Summary                                                     ;
+------------------------------------+---------------------------------------------+
; Analysis & Synthesis Status        ; Failed - Fri Oct 13 11:50:10 2017           ;
; Quartus Prime Version              ; 17.0.0 Build 595 04/25/2017 SJ Lite Edition ;
; Revision Name                      ; MIPS_Processor                              ;
; Top-level Entity Name              ; MIPS_Processor                              ;
; Family                             ; Cyclone 10 LP                               ;
; Total logic elements               ; N/A until Partition Merge                   ;
;     Total combinational functions  ; N/A until Partition Merge                   ;
;     Dedicated logic registers      ; N/A until Partition Merge                   ;
; Total registers                    ; N/A until Partition Merge                   ;
; Total pins                         ; N/A until Partition Merge                   ;
; Total virtual pins                 ; N/A until Partition Merge                   ;
; Total memory bits                  ; N/A until Partition Merge                   ;
; Embedded Multiplier 9-bit elements ; N/A until Partition Merge                   ;
; Total PLLs                         ; N/A until Partition Merge                   ;
+------------------------------------+---------------------------------------------+


+----------------------------------------------------------------------------------------------------------------------+
; Analysis & Synthesis Settings                                                                                        ;
+----------------------------------------------------------------------------+--------------------+--------------------+
; Option                                                                     ; Setting            ; Default Value      ;
+----------------------------------------------------------------------------+--------------------+--------------------+
; Top-level entity name                                                      ; MIPS_Processor     ; MIPS_Processor     ;
; Family name                                                                ; Cyclone 10 LP      ; Cyclone V          ;
; Use smart compilation                                                      ; Off                ; Off                ;
; Enable parallel Assembler and TimeQuest Timing Analyzer during compilation ; On                 ; On                 ;
; Enable compact report table                                                ; Off                ; Off                ;
; Restructure Multiplexers                                                   ; Auto               ; Auto               ;
; Create Debugging Nodes for IP Cores                                        ; Off                ; Off                ;
; Preserve fewer node names                                                  ; On                 ; On                 ;
; OpenCore Plus hardware evaluation                                          ; Enable             ; Enable             ;
; Verilog Version                                                            ; Verilog_2001       ; Verilog_2001       ;
; VHDL Version                                                               ; VHDL_1993          ; VHDL_1993          ;
; State Machine Processing                                                   ; Auto               ; Auto               ;
; Safe State Machine                                                         ; Off                ; Off                ;
; Extract Verilog State Machines                                             ; On                 ; On                 ;
; Extract VHDL State Machines                                                ; On                 ; On                 ;
; Ignore Verilog initial constructs                                          ; Off                ; Off                ;
; Iteration limit for constant Verilog loops                                 ; 5000               ; 5000               ;
; Iteration limit for non-constant Verilog loops                             ; 250                ; 250                ;
; Add Pass-Through Logic to Inferred RAMs                                    ; On                 ; On                 ;
; Infer RAMs from Raw Logic                                                  ; On                 ; On                 ;
; Parallel Synthesis                                                         ; On                 ; On                 ;
; DSP Block Balancing                                                        ; Auto               ; Auto               ;
; NOT Gate Push-Back                                                         ; On                 ; On                 ;
; Power-Up Don't Care                                                        ; On                 ; On                 ;
; Remove Redundant Logic Cells                                               ; Off                ; Off                ;
; Remove Duplicate Registers                                                 ; On                 ; On                 ;
; Ignore CARRY Buffers                                                       ; Off                ; Off                ;
; Ignore CASCADE Buffers                                                     ; Off                ; Off                ;
; Ignore GLOBAL Buffers                                                      ; Off                ; Off                ;
; Ignore ROW GLOBAL Buffers                                                  ; Off                ; Off                ;
; Ignore LCELL Buffers                                                       ; Off                ; Off                ;
; Ignore SOFT Buffers                                                        ; On                 ; On                 ;
; Limit AHDL Integers to 32 Bits                                             ; Off                ; Off                ;
; Optimization Technique                                                     ; Balanced           ; Balanced           ;
; Carry Chain Length                                                         ; 70                 ; 70                 ;
; Auto Carry Chains                                                          ; On                 ; On                 ;
; Auto Open-Drain Pins                                                       ; On                 ; On                 ;
; Perform WYSIWYG Primitive Resynthesis                                      ; Off                ; Off                ;
; Auto ROM Replacement                                                       ; On                 ; On                 ;
; Auto RAM Replacement                                                       ; On                 ; On                 ;
; Auto DSP Block Replacement                                                 ; On                 ; On                 ;
; Auto Shift Register Replacement                                            ; Auto               ; Auto               ;
; Allow Shift Register Merging across Hierarchies                            ; Auto               ; Auto               ;
; Auto Clock Enable Replacement                                              ; On                 ; On                 ;
; Strict RAM Replacement                                                     ; Off                ; Off                ;
; Allow Synchronous Control Signals                                          ; On                 ; On                 ;
; Force Use of Synchronous Clear Signals                                     ; Off                ; Off                ;
; Auto RAM Block Balancing                                                   ; On                 ; On                 ;
; Auto RAM to Logic Cell Conversion                                          ; Off                ; Off                ;
; Auto Resource Sharing                                                      ; Off                ; Off                ;
; Allow Any RAM Size For Recognition                                         ; Off                ; Off                ;
; Allow Any ROM Size For Recognition                                         ; Off                ; Off                ;
; Allow Any Shift Register Size For Recognition                              ; Off                ; Off                ;
; Use LogicLock Constraints during Resource Balancing                        ; On                 ; On                 ;
; Ignore translate_off and synthesis_off directives                          ; Off                ; Off                ;
; Timing-Driven Synthesis                                                    ; On                 ; On                 ;
; Report Parameter Settings                                                  ; On                 ; On                 ;
; Report Source Assignments                                                  ; On                 ; On                 ;
; Report Connectivity Checks                                                 ; On                 ; On                 ;
; Ignore Maximum Fan-Out Assignments                                         ; Off                ; Off                ;
; Synchronization Register Chain Length                                      ; 2                  ; 2                  ;
; PowerPlay Power Optimization During Synthesis                              ; Normal compilation ; Normal compilation ;
; HDL message level                                                          ; Level2             ; Level2             ;
; Suppress Register Optimization Related Messages                            ; Off                ; Off                ;
; Number of Removed Registers Reported in Synthesis Report                   ; 5000               ; 5000               ;
; Number of Swept Nodes Reported in Synthesis Report                         ; 5000               ; 5000               ;
; Number of Inverted Registers Reported in Synthesis Report                  ; 100                ; 100                ;
; Clock MUX Protection                                                       ; On                 ; On                 ;
; Auto Gated Clock Conversion                                                ; Off                ; Off                ;
; Block Design Naming                                                        ; Auto               ; Auto               ;
; SDC constraint protection                                                  ; Off                ; Off                ;
; Synthesis Effort                                                           ; Auto               ; Auto               ;
; Shift Register Replacement - Allow Asynchronous Clear Signal               ; On                 ; On                 ;
; Pre-Mapping Resynthesis Optimization                                       ; Off                ; Off                ;
; Analysis & Synthesis Message Level                                         ; Medium             ; Medium             ;
; Disable Register Merging Across Hierarchies                                ; Auto               ; Auto               ;
; Resource Aware Inference For Block RAM                                     ; On                 ; On                 ;
+----------------------------------------------------------------------------+--------------------+--------------------+


+------------------------------------------+
; Parallel Compilation                     ;
+----------------------------+-------------+
; Processors                 ; Number      ;
+----------------------------+-------------+
; Number detected on machine ; 4           ;
; Maximum allowed            ; 4           ;
;                            ;             ;
; Average used               ; 1.00        ;
; Maximum used               ; 1           ;
;                            ;             ;
; Usage by Processor         ; % Time Used ;
;     Processor 1            ; 100.0%      ;
+----------------------------+-------------+


+-------------------------------+
; Analysis & Synthesis Messages ;
+-------------------------------+
Info: *******************************************************************
Info: Running Quartus Prime Analysis & Synthesis
    Info: Version 17.0.0 Build 595 04/25/2017 SJ Lite Edition
    Info: Processing started: Fri Oct 13 11:49:56 2017
Info: Command: quartus_map --read_settings_files=on --write_settings_files=off MIPS_Processor -c MIPS_Processor
Warning (18236): Number of processors has not been specified which may cause overloading on shared machines.  Set the global assignment NUM_PARALLEL_PROCESSORS in your QSF to an appropriate value for best performance.
Info (20030): Parallel compilation is enabled and will use 4 of the 4 processors detected
Info (12021): Found 1 design units, including 1 entities, in source file h:/mips/mipsprocessor_ver1/sources/signextend.v
    Info (12023): Found entity 1: SignExtend File: H:/mips/MIPSProcessor_ver1/Sources/SignExtend.v Line: 14
Info (12021): Found 1 design units, including 1 entities, in source file h:/mips/mipsprocessor_ver1/sources/shiftleft2.v
    Info (12023): Found entity 1: ShiftLeft2 File: H:/mips/MIPSProcessor_ver1/Sources/ShiftLeft2.v Line: 12
Info (12021): Found 1 design units, including 1 entities, in source file h:/mips/mipsprocessor_ver1/sources/registerfile.v
    Info (12023): Found entity 1: RegisterFile File: H:/mips/MIPSProcessor_ver1/Sources/RegisterFile.v Line: 15
Info (12021): Found 1 design units, including 1 entities, in source file h:/mips/mipsprocessor_ver1/sources/register.v
    Info (12023): Found entity 1: Register File: H:/mips/MIPSProcessor_ver1/Sources/Register.v Line: 12
Info (12021): Found 1 design units, including 1 entities, in source file h:/mips/mipsprocessor_ver1/sources/programmemory.v
    Info (12023): Found entity 1: ProgramMemory File: H:/mips/MIPSProcessor_ver1/Sources/ProgramMemory.v Line: 15
Info (12021): Found 1 design units, including 1 entities, in source file h:/mips/mipsprocessor_ver1/sources/pc_register.v
    Info (12023): Found entity 1: PC_Register File: H:/mips/MIPSProcessor_ver1/Sources/PC_Register.v Line: 15
Info (12021): Found 1 design units, including 1 entities, in source file h:/mips/mipsprocessor_ver1/sources/muxregisterfile.v
    Info (12023): Found entity 1: MUXRegisterFile File: H:/mips/MIPSProcessor_ver1/Sources/MUXRegisterFile.v Line: 2
Info (12021): Found 1 design units, including 1 entities, in source file h:/mips/mipsprocessor_ver1/sources/multiplexer2to1.v
    Info (12023): Found entity 1: Multiplexer2to1 File: H:/mips/MIPSProcessor_ver1/Sources/Multiplexer2to1.v Line: 13
Info (12021): Found 1 design units, including 1 entities, in source file h:/mips/mipsprocessor_ver1/sources/mips_processor_tb.v
    Info (12023): Found entity 1: MIPS_Processor_TB File: H:/mips/MIPSProcessor_ver1/Sources/MIPS_Processor_TB.v Line: 15
Info (12021): Found 1 design units, including 1 entities, in source file h:/mips/mipsprocessor_ver1/sources/mips_processor.v
    Info (12023): Found entity 1: MIPS_Processor File: H:/mips/MIPSProcessor_ver1/Sources/MIPS_Processor.v Line: 28
Info (12021): Found 1 design units, including 1 entities, in source file h:/mips/mipsprocessor_ver1/sources/luimodule.v
    Info (12023): Found entity 1: LuiModule File: H:/mips/MIPSProcessor_ver1/Sources/LuiModule.v Line: 1
Info (12021): Found 0 design units, including 0 entities, in source file h:/mips/mipsprocessor_ver1/sources/definitions.v
Info (12021): Found 1 design units, including 1 entities, in source file h:/mips/mipsprocessor_ver1/sources/decoderregisterfile.v
    Info (12023): Found entity 1: DecoderRegisterFile File: H:/mips/MIPSProcessor_ver1/Sources/DecoderRegisterFile.v Line: 12
Info (12021): Found 1 design units, including 1 entities, in source file h:/mips/mipsprocessor_ver1/sources/datamemory.v
    Info (12023): Found entity 1: DataMemory File: H:/mips/MIPSProcessor_ver1/Sources/DataMemory.v Line: 13
Info (12021): Found 1 design units, including 1 entities, in source file h:/mips/mipsprocessor_ver1/sources/control.v
    Info (12023): Found entity 1: Control File: H:/mips/MIPSProcessor_ver1/Sources/Control.v Line: 14
Info (12021): Found 1 design units, including 1 entities, in source file h:/mips/mipsprocessor_ver1/sources/andgate.v
    Info (12023): Found entity 1: ANDGate File: H:/mips/MIPSProcessor_ver1/Sources/ANDGate.v Line: 13
Info (12021): Found 1 design units, including 1 entities, in source file h:/mips/mipsprocessor_ver1/sources/alucontrol.v
    Info (12023): Found entity 1: ALUControl File: H:/mips/MIPSProcessor_ver1/Sources/ALUControl.v Line: 15
Info (12021): Found 1 design units, including 1 entities, in source file h:/mips/mipsprocessor_ver1/sources/alu.v
    Info (12023): Found entity 1: ALU File: H:/mips/MIPSProcessor_ver1/Sources/ALU.v Line: 20
Info (12021): Found 1 design units, including 1 entities, in source file h:/mips/mipsprocessor_ver1/sources/adder32bits.v
    Info (12023): Found entity 1: Adder32bits File: H:/mips/MIPSProcessor_ver1/Sources/Adder32bits.v Line: 13
Info (12127): Elaborating entity "MIPS_Processor" for the top level hierarchy
Info (12128): Elaborating entity "Control" for hierarchy "Control:ControlUnit" File: H:/mips/MIPSProcessor_ver1/Sources/MIPS_Processor.v Line: 94
Info (12128): Elaborating entity "PC_Register" for hierarchy "PC_Register:programCounter" File: H:/mips/MIPSProcessor_ver1/Sources/MIPS_Processor.v Line: 107
Info (12128): Elaborating entity "ProgramMemory" for hierarchy "ProgramMemory:ROMProgramMemory" File: H:/mips/MIPSProcessor_ver1/Sources/MIPS_Processor.v Line: 119
Error (10054): Verilog HDL File I/O error at ProgramMemory.v(34): can't open Verilog Design File "C:/MIPSProjects/MIPSProcessor/Sources/text.dat" File: H:/mips/MIPSProcessor_ver1/Sources/ProgramMemory.v Line: 34
Error (12152): Can't elaborate user hierarchy "ProgramMemory:ROMProgramMemory" File: H:/mips/MIPSProcessor_ver1/Sources/MIPS_Processor.v Line: 119
Error: Quartus Prime Analysis & Synthesis was unsuccessful. 2 errors, 1 warning
    Error: Peak virtual memory: 569 megabytes
    Error: Processing ended: Fri Oct 13 11:50:10 2017
    Error: Elapsed time: 00:00:14
    Error: Total CPU time (on all processors): 00:00:33


